app/build/intermediates/manifest_merge_blame_file/debug/manifest-merger-blame-debug-report.txt
1<?xml version="1.0" encoding="utf-8"?>
2<manifest xmlns:android="http://schemas.android.com/apk/res/android"
3    package="com.subg2_3.trueque"
4    android:versionCode="1"
5    android:versionName="1.0" >
6
7    <uses-sdk
8        android:minSdkVersion="21"
8-->src\main\AndroidManifest.xml
9        android:targetSdkVersion="31" />
9-->src\main\AndroidManifest.xml
10
11    <!-- Although the *SdkVersion is captured in gradle build files, this is required for non gradle builds -->
12    <!-- <uses-sdk android:minSdkVersion="14"/> -->
13    <uses-permission android:name="android.permission.ACCESS_NETWORK_STATE" />
13-->[com.google.firebase:firebase-database:20.0.2] AndroidManifest.xml:25:5-79
13-->[com.google.firebase:firebase-database:20.0.2] AndroidManifest.xml:25:22-76
14    <uses-permission android:name="android.permission.INTERNET" />
14-->[com.google.firebase:firebase-database:20.0.2] AndroidManifest.xml:26:5-67
14-->[com.google.firebase:firebase-database:20.0.2] AndroidManifest.xml:26:22-64
15
16    <application
16-->src\main\AndroidManifest.xml:5:5-36:19
17        android:allowBackup="true"
17-->src\main\AndroidManifest.xml:6:9-35
18        android:appComponentFactory="androidx.core.app.CoreComponentFactory"
18-->[androidx.core:core:1.5.0] AndroidManifest.xml:24:18-86
19        android:debuggable="true"
20        android:icon="@mipmap/ic_launcher"
20-->src\main\AndroidManifest.xml:7:9-43
21        android:label="@string/app_name"
21-->src\main\AndroidManifest.xml:8:9-41
22        android:roundIcon="@mipmap/ic_launcher_round"
22-->src\main\AndroidManifest.xml:9:9-54
23        android:supportsRtl="true"
23-->src\main\AndroidManifest.xml:10:9-35
24        android:testOnly="true"
25        android:theme="@style/Theme.Trueque" >
25-->src\main\AndroidManifest.xml:11:9-45
26        <activity
26-->src\main\AndroidManifest.xml:12:9-14:40
27            android:name="com.subg2_3.trueque.ProductProfile"
27-->src\main\AndroidManifest.xml:13:13-43
28            android:exported="false" />
28-->src\main\AndroidManifest.xml:14:13-37
29        <activity
29-->src\main\AndroidManifest.xml:15:9-23:20
30            android:name="com.subg2_3.trueque.StartActivity"
30-->src\main\AndroidManifest.xml:16:13-42
31            android:exported="true" >
31-->src\main\AndroidManifest.xml:17:13-36
32            <intent-filter>
32-->src\main\AndroidManifest.xml:18:13-22:29
33                <action android:name="android.intent.action.MAIN" />
33-->src\main\AndroidManifest.xml:19:17-69
33-->src\main\AndroidManifest.xml:19:25-66
34
35                <category android:name="android.intent.category.LAUNCHER" />
35-->src\main\AndroidManifest.xml:21:17-77
35-->src\main\AndroidManifest.xml:21:27-74
36            </intent-filter>
37        </activity>
38        <activity
38-->src\main\AndroidManifest.xml:24:9-26:40
39            android:name="com.subg2_3.trueque.AddActivity"
39-->src\main\AndroidManifest.xml:25:13-40
40            android:exported="false" />
40-->src\main\AndroidManifest.xml:26:13-37
41        <activity
41-->src\main\AndroidManifest.xml:27:9-29:40
42            android:name="com.subg2_3.trueque.CheckIn"
42-->src\main\AndroidManifest.xml:28:13-36
43            android:exported="false" />
43-->src\main\AndroidManifest.xml:29:13-37
44        <activity
44-->src\main\AndroidManifest.xml:30:9-32:48
45            android:name="com.subg2_3.trueque.MainActivity"
45-->src\main\AndroidManifest.xml:31:13-41
46            android:exported="true" />
46-->src\main\AndroidManifest.xml:32:13-36
47        <activity
47-->src\main\AndroidManifest.xml:33:9-35:48
48            android:name="com.subg2_3.trueque.Login"
48-->src\main\AndroidManifest.xml:34:13-34
49            android:exported="true" />
49-->src\main\AndroidManifest.xml:35:13-36
50
51        <service
51-->[com.google.firebase:firebase-database:20.0.2] AndroidManifest.xml:29:9-35:19
52            android:name="com.google.firebase.components.ComponentDiscoveryService"
52-->[com.google.firebase:firebase-database:20.0.2] AndroidManifest.xml:30:13-84
53            android:directBootAware="true"
53-->[com.google.firebase:firebase-common:20.0.0] AndroidManifest.xml:35:13-43
54            android:exported="false" >
54-->[com.google.firebase:firebase-database:20.0.2] AndroidManifest.xml:31:13-37
55            <meta-data
55-->[com.google.firebase:firebase-database:20.0.2] AndroidManifest.xml:32:13-34:85
56                android:name="com.google.firebase.components:com.google.firebase.database.DatabaseRegistrar"
56-->[com.google.firebase:firebase-database:20.0.2] AndroidManifest.xml:33:17-109
57                android:value="com.google.firebase.components.ComponentRegistrar" />
57-->[com.google.firebase:firebase-database:20.0.2] AndroidManifest.xml:34:17-82
58            <meta-data
58-->[com.google.firebase:firebase-auth:21.0.1] AndroidManifest.xml:77:13-79:85
59                android:name="com.google.firebase.components:com.google.firebase.auth.FirebaseAuthRegistrar"
59-->[com.google.firebase:firebase-auth:21.0.1] AndroidManifest.xml:78:17-109
60                android:value="com.google.firebase.components.ComponentRegistrar" />
60-->[com.google.firebase:firebase-auth:21.0.1] AndroidManifest.xml:79:17-82
61        </service>
62
63        <activity
63-->[com.google.firebase:firebase-auth:21.0.1] AndroidManifest.xml:27:9-44:20
64            android:name="com.google.firebase.auth.internal.GenericIdpActivity"
64-->[com.google.firebase:firebase-auth:21.0.1] AndroidManifest.xml:28:13-80
65            android:excludeFromRecents="true"
65-->[com.google.firebase:firebase-auth:21.0.1] AndroidManifest.xml:29:13-46
66            android:exported="true"
66-->[com.google.firebase:firebase-auth:21.0.1] AndroidManifest.xml:30:13-36
67            android:launchMode="singleTask"
67-->[com.google.firebase:firebase-auth:21.0.1] AndroidManifest.xml:31:13-44
68            android:theme="@android:style/Theme.Translucent.NoTitleBar" >
68-->[com.google.firebase:firebase-auth:21.0.1] AndroidManifest.xml:32:13-72
69            <intent-filter>
69-->[com.google.firebase:firebase-auth:21.0.1] AndroidManifest.xml:33:13-43:29
70                <action android:name="android.intent.action.VIEW" />
70-->[com.google.firebase:firebase-auth:21.0.1] AndroidManifest.xml:34:17-69
70-->[com.google.firebase:firebase-auth:21.0.1] AndroidManifest.xml:34:25-66
71
72                <category android:name="android.intent.category.DEFAULT" />
72-->[com.google.firebase:firebase-auth:21.0.1] AndroidManifest.xml:36:17-76
72-->[com.google.firebase:firebase-auth:21.0.1] AndroidManifest.xml:36:27-73
73                <category android:name="android.intent.category.BROWSABLE" />
73-->[com.google.firebase:firebase-auth:21.0.1] AndroidManifest.xml:37:17-78
73-->[com.google.firebase:firebase-auth:21.0.1] AndroidManifest.xml:37:27-75
74
75                <data
75-->[com.google.firebase:firebase-auth:21.0.1] AndroidManifest.xml:39:17-42:51
76                    android:host="firebase.auth"
76-->[com.google.firebase:firebase-auth:21.0.1] AndroidManifest.xml:40:21-49
77                    android:path="/"
77-->[com.google.firebase:firebase-auth:21.0.1] AndroidManifest.xml:41:21-37
78                    android:scheme="genericidp" />
78-->[com.google.firebase:firebase-auth:21.0.1] AndroidManifest.xml:42:21-48
79            </intent-filter>
80        </activity>
81        <activity
81-->[com.google.firebase:firebase-auth:21.0.1] AndroidManifest.xml:45:9-62:20
82            android:name="com.google.firebase.auth.internal.RecaptchaActivity"
82-->[com.google.firebase:firebase-auth:21.0.1] AndroidManifest.xml:46:13-79
83            android:excludeFromRecents="true"
83-->[com.google.firebase:firebase-auth:21.0.1] AndroidManifest.xml:47:13-46
84            android:exported="true"
84-->[com.google.firebase:firebase-auth:21.0.1] AndroidManifest.xml:48:13-36
85            android:launchMode="singleTask"
85-->[com.google.firebase:firebase-auth:21.0.1] AndroidManifest.xml:49:13-44
86            android:theme="@android:style/Theme.Translucent.NoTitleBar" >
86-->[com.google.firebase:firebase-auth:21.0.1] AndroidManifest.xml:50:13-72
87            <intent-filter>
87-->[com.google.firebase:firebase-auth:21.0.1] AndroidManifest.xml:51:13-61:29
88                <action android:name="android.intent.action.VIEW" />
88-->[com.google.firebase:firebase-auth:21.0.1] AndroidManifest.xml:34:17-69
88-->[com.google.firebase:firebase-auth:21.0.1] AndroidManifest.xml:34:25-66
89
90                <category android:name="android.intent.category.DEFAULT" />
90-->[com.google.firebase:firebase-auth:21.0.1] AndroidManifest.xml:36:17-76
90-->[com.google.firebase:firebase-auth:21.0.1] AndroidManifest.xml:36:27-73
91                <category android:name="android.intent.category.BROWSABLE" />
91-->[com.google.firebase:firebase-auth:21.0.1] AndroidManifest.xml:37:17-78
91-->[com.google.firebase:firebase-auth:21.0.1] AndroidManifest.xml:37:27-75
92
93                <data
93-->[com.google.firebase:firebase-auth:21.0.1] AndroidManifest.xml:39:17-42:51
94                    android:host="firebase.auth"
94-->[com.google.firebase:firebase-auth:21.0.1] AndroidManifest.xml:40:21-49
95                    android:path="/"
95-->[com.google.firebase:firebase-auth:21.0.1] AndroidManifest.xml:41:21-37
96                    android:scheme="recaptcha" />
96-->[com.google.firebase:firebase-auth:21.0.1] AndroidManifest.xml:42:21-48
97            </intent-filter>
98        </activity>
99
100        <service
100-->[com.google.firebase:firebase-auth:21.0.1] AndroidManifest.xml:64:9-73:19
101            android:name="com.google.firebase.auth.api.fallback.service.FirebaseAuthFallbackService"
101-->[com.google.firebase:firebase-auth:21.0.1] AndroidManifest.xml:65:13-101
102            android:enabled="true"
102-->[com.google.firebase:firebase-auth:21.0.1] AndroidManifest.xml:66:13-35
103            android:exported="false" >
103-->[com.google.firebase:firebase-auth:21.0.1] AndroidManifest.xml:67:13-37
104            <intent-filter>
104-->[com.google.firebase:firebase-auth:21.0.1] AndroidManifest.xml:68:13-72:29
105                <action android:name="com.google.firebase.auth.api.gms.service.START" />
105-->[com.google.firebase:firebase-auth:21.0.1] AndroidManifest.xml:69:17-89
105-->[com.google.firebase:firebase-auth:21.0.1] AndroidManifest.xml:69:25-86
106
107                <category android:name="android.intent.category.DEFAULT" />
107-->[com.google.firebase:firebase-auth:21.0.1] AndroidManifest.xml:36:17-76
107-->[com.google.firebase:firebase-auth:21.0.1] AndroidManifest.xml:36:27-73
108            </intent-filter>
109        </service>
110
111        <activity
111-->[com.google.android.gms:play-services-auth:17.0.0] AndroidManifest.xml:23:9-27:75
112            android:name="com.google.android.gms.auth.api.signin.internal.SignInHubActivity"
112-->[com.google.android.gms:play-services-auth:17.0.0] AndroidManifest.xml:24:13-93
113            android:excludeFromRecents="true"
113-->[com.google.android.gms:play-services-auth:17.0.0] AndroidManifest.xml:25:13-46
114            android:exported="false"
114-->[com.google.android.gms:play-services-auth:17.0.0] AndroidManifest.xml:26:13-37
115            android:theme="@android:style/Theme.Translucent.NoTitleBar" />
115-->[com.google.android.gms:play-services-auth:17.0.0] AndroidManifest.xml:27:13-72
116        <!--
117            Service handling Google Sign-In user revocation. For apps that do not integrate with
118            Google Sign-In, this service will never be started.
119        -->
120        <service
120-->[com.google.android.gms:play-services-auth:17.0.0] AndroidManifest.xml:33:9-36:110
121            android:name="com.google.android.gms.auth.api.signin.RevocationBoundService"
121-->[com.google.android.gms:play-services-auth:17.0.0] AndroidManifest.xml:34:13-89
122            android:exported="true"
122-->[com.google.android.gms:play-services-auth:17.0.0] AndroidManifest.xml:35:13-36
123            android:permission="com.google.android.gms.auth.api.signin.permission.REVOCATION_NOTIFICATION" />
123-->[com.google.android.gms:play-services-auth:17.0.0] AndroidManifest.xml:36:13-107
124
125        <activity
125-->[com.google.android.gms:play-services-base:17.1.0] AndroidManifest.xml:23:9-26:75
126            android:name="com.google.android.gms.common.api.GoogleApiActivity"
126-->[com.google.android.gms:play-services-base:17.1.0] AndroidManifest.xml:24:13-79
127            android:exported="false"
127-->[com.google.android.gms:play-services-base:17.1.0] AndroidManifest.xml:25:13-37
128            android:theme="@android:style/Theme.Translucent.NoTitleBar" />
128-->[com.google.android.gms:play-services-base:17.1.0] AndroidManifest.xml:26:13-72
129
130        <provider
130-->[com.google.firebase:firebase-common:20.0.0] AndroidManifest.xml:26:9-31:39
131            android:name="com.google.firebase.provider.FirebaseInitProvider"
131-->[com.google.firebase:firebase-common:20.0.0] AndroidManifest.xml:27:13-77
132            android:authorities="com.subg2_3.trueque.firebaseinitprovider"
132-->[com.google.firebase:firebase-common:20.0.0] AndroidManifest.xml:28:13-72
133            android:directBootAware="true"
133-->[com.google.firebase:firebase-common:20.0.0] AndroidManifest.xml:29:13-43
134            android:exported="false"
134-->[com.google.firebase:firebase-common:20.0.0] AndroidManifest.xml:30:13-37
135            android:initOrder="100" />
135-->[com.google.firebase:firebase-common:20.0.0] AndroidManifest.xml:31:13-36
136
137        <meta-data
137-->[com.google.android.gms:play-services-basement:17.1.0] AndroidManifest.xml:23:9-25:69
138            android:name="com.google.android.gms.version"
138-->[com.google.android.gms:play-services-basement:17.1.0] AndroidManifest.xml:24:13-58
139            android:value="@integer/google_play_services_version" />
139-->[com.google.android.gms:play-services-basement:17.1.0] AndroidManifest.xml:25:13-66
140    </application>
141
142</manifest>